-------------------------------------------------------------------------------
Test set: feature.TestRunner
-------------------------------------------------------------------------------
Tests run: 1, Failures: 0, Errors: 1, Skipped: 0, Time elapsed: 0.378 sec <<< FAILURE!
initializationError(feature.TestRunner)  Time elapsed: 0.005 sec  <<< ERROR!
com.google.common.util.concurrent.UncheckedExecutionException: java.lang.IllegalStateException: Unable to load cache item
	at com.google.common.cache.LocalCache$Segment.get(LocalCache.java:2052)
	at com.google.common.cache.LocalCache.get(LocalCache.java:3948)
	at com.google.common.cache.LocalCache.getOrLoad(LocalCache.java:3972)
	at com.google.common.cache.LocalCache$LocalLoadingCache.get(LocalCache.java:4957)
	at com.google.common.cache.LocalCache$LocalLoadingCache.getUnchecked(LocalCache.java:4963)
	at com.google.inject.internal.FailableCache.get(FailableCache.java:51)
	at com.google.inject.internal.ConstructorInjectorStore.get(ConstructorInjectorStore.java:48)
	at com.google.inject.internal.ConstructorBindingImpl.initialize(ConstructorBindingImpl.java:155)
	at com.google.inject.internal.InjectorImpl.initializeJitBinding(InjectorImpl.java:595)
	at com.google.inject.internal.InjectorImpl.createJustInTimeBinding(InjectorImpl.java:932)
	at com.google.inject.internal.InjectorImpl.createJustInTimeBindingRecursive(InjectorImpl.java:852)
	at com.google.inject.internal.InjectorImpl.getJustInTimeBinding(InjectorImpl.java:291)
	at com.google.inject.internal.InjectorImpl.getBindingOrThrow(InjectorImpl.java:222)
	at com.google.inject.internal.InjectorImpl.getInternalFactory(InjectorImpl.java:938)
	at com.google.inject.internal.FactoryProxy.notify(FactoryProxy.java:48)
	at com.google.inject.internal.ProcessedBindingData.runCreationListeners(ProcessedBindingData.java:60)
	at com.google.inject.internal.InternalInjectorCreator.initializeStatically(InternalInjectorCreator.java:133)
	at com.google.inject.internal.InternalInjectorCreator.build(InternalInjectorCreator.java:106)
	at com.google.inject.Guice.createInjector(Guice.java:87)
	at com.google.inject.Guice.createInjector(Guice.java:69)
	at com.google.inject.Guice.createInjector(Guice.java:59)
	at net.thucydides.core.guice.Injectors.getInjector(Injectors.java:27)
	at net.serenitybdd.junit.runners.SerenityRunner.<init>(SerenityRunner.java:97)
	at java.base/jdk.internal.reflect.NativeConstructorAccessorImpl.newInstance0(Native Method)
	at java.base/jdk.internal.reflect.NativeConstructorAccessorImpl.newInstance(NativeConstructorAccessorImpl.java:77)
	at java.base/jdk.internal.reflect.DelegatingConstructorAccessorImpl.newInstance(DelegatingConstructorAccessorImpl.java:45)
	at java.base/java.lang.reflect.Constructor.newInstanceWithCaller(Constructor.java:499)
	at java.base/java.lang.reflect.Constructor.newInstance(Constructor.java:480)
	at org.junit.internal.builders.AnnotatedBuilder.buildRunner(AnnotatedBuilder.java:104)
	at org.junit.internal.builders.AnnotatedBuilder.runnerForClass(AnnotatedBuilder.java:86)
	at org.junit.runners.model.RunnerBuilder.safeRunnerForClass(RunnerBuilder.java:59)
	at org.junit.internal.builders.AllDefaultPossibilitiesBuilder.runnerForClass(AllDefaultPossibilitiesBuilder.java:26)
	at org.junit.runners.model.RunnerBuilder.safeRunnerForClass(RunnerBuilder.java:59)
	at org.junit.internal.requests.ClassRequest.getRunner(ClassRequest.java:33)
	at org.apache.maven.surefire.junit4.JUnit4Provider.execute(JUnit4Provider.java:250)
	at org.apache.maven.surefire.junit4.JUnit4Provider.executeTestSet(JUnit4Provider.java:141)
	at org.apache.maven.surefire.junit4.JUnit4Provider.invoke(JUnit4Provider.java:112)
	at java.base/jdk.internal.reflect.NativeMethodAccessorImpl.invoke0(Native Method)
	at java.base/jdk.internal.reflect.NativeMethodAccessorImpl.invoke(NativeMethodAccessorImpl.java:77)
	at java.base/jdk.internal.reflect.DelegatingMethodAccessorImpl.invoke(DelegatingMethodAccessorImpl.java:43)
	at java.base/java.lang.reflect.Method.invoke(Method.java:568)
	at org.apache.maven.surefire.util.ReflectionUtils.invokeMethodWithArray(ReflectionUtils.java:189)
	at org.apache.maven.surefire.booter.ProviderFactory$ProviderProxy.invoke(ProviderFactory.java:165)
	at org.apache.maven.surefire.booter.ProviderFactory.invokeProvider(ProviderFactory.java:85)
	at org.apache.maven.surefire.booter.ForkedBooter.runSuitesInProcess(ForkedBooter.java:115)
	at org.apache.maven.surefire.booter.ForkedBooter.main(ForkedBooter.java:75)
Caused by: java.lang.IllegalStateException: Unable to load cache item
	at com.google.inject.internal.cglib.core.internal.$LoadingCache.createEntry(LoadingCache.java:79)
	at com.google.inject.internal.cglib.core.internal.$LoadingCache.get(LoadingCache.java:34)
	at com.google.inject.internal.cglib.core.$AbstractClassGenerator$ClassLoaderData.get(AbstractClassGenerator.java:116)
	at com.google.inject.internal.cglib.core.$AbstractClassGenerator.create(AbstractClassGenerator.java:291)
	at com.google.inject.internal.cglib.reflect.$FastClass$Generator.create(FastClass.java:65)
	at com.google.inject.internal.BytecodeGen.newFastClassForMember(BytecodeGen.java:258)
	at com.google.inject.internal.BytecodeGen.newFastClassForMember(BytecodeGen.java:207)
	at com.google.inject.internal.DefaultConstructionProxyFactory.create(DefaultConstructionProxyFactory.java:49)
	at com.google.inject.internal.ProxyFactory.create(ProxyFactory.java:156)
	at com.google.inject.internal.ConstructorInjectorStore.createConstructor(ConstructorInjectorStore.java:92)
	at com.google.inject.internal.ConstructorInjectorStore.access$000(ConstructorInjectorStore.java:29)
	at com.google.inject.internal.ConstructorInjectorStore$1.create(ConstructorInjectorStore.java:37)
	at com.google.inject.internal.ConstructorInjectorStore$1.create(ConstructorInjectorStore.java:33)
	at com.google.inject.internal.FailableCache$1.load(FailableCache.java:40)
	at com.google.common.cache.LocalCache$LoadingValueReference.loadFuture(LocalCache.java:3529)
	at com.google.common.cache.LocalCache$Segment.loadSync(LocalCache.java:2278)
	at com.google.common.cache.LocalCache$Segment.lockedGetOrLoad(LocalCache.java:2156)
	at com.google.common.cache.LocalCache$Segment.get(LocalCache.java:2046)
	... 45 more
Caused by: java.lang.NoClassDefFoundError: Could not initialize class com.google.inject.internal.cglib.core.$MethodWrapper
	at com.google.inject.internal.cglib.core.$DuplicatesPredicate.evaluate(DuplicatesPredicate.java:104)
	at com.google.inject.internal.cglib.core.$CollectionUtils.filter(CollectionUtils.java:52)
	at com.google.inject.internal.cglib.reflect.$FastClassEmitter.<init>(FastClassEmitter.java:69)
	at com.google.inject.internal.cglib.reflect.$FastClass$Generator.generateClass(FastClass.java:77)
	at com.google.inject.internal.cglib.core.$DefaultGeneratorStrategy.generate(DefaultGeneratorStrategy.java:25)
	at com.google.inject.internal.cglib.core.$AbstractClassGenerator.generate(AbstractClassGenerator.java:329)
	at com.google.inject.internal.cglib.core.$AbstractClassGenerator$ClassLoaderData$3.apply(AbstractClassGenerator.java:93)
	at com.google.inject.internal.cglib.core.$AbstractClassGenerator$ClassLoaderData$3.apply(AbstractClassGenerator.java:91)
	at com.google.inject.internal.cglib.core.internal.$LoadingCache$2.call(LoadingCache.java:54)
	at java.base/java.util.concurrent.FutureTask.run(FutureTask.java:264)
	at com.google.inject.internal.cglib.core.internal.$LoadingCache.createEntry(LoadingCache.java:61)
	... 62 more

